<?xml version="1.0" encoding="UTF-8"?>
<!-- Generated by org.testng.reporters.JUnitReportReporter -->
<testsuite skipped="0" hostname="chaimaammar-simplon-gmail-com" name="cucumber.TestNGTestRunner" tests="1" failures="0" timestamp="20 sept. 2022 20:51:00 GMT" time="12.374" errors="1">
  <testcase name="runScenario" time="12.374" classname="cucumber.TestNGTestRunner">
    <error type="java.lang.NullPointerException">
      <![CDATA[java.lang.NullPointerException
at rahulshettyacademy.pageobjects.ProductCatalogue.addProductToCart(ProductCatalogue.java:54)
at rahulshettyacademy.stepDefinitions.SteupDefinitionImpl.i_add_product_to_Cart(SteupDefinitionImpl.java:39)
at ✽.I add product ZARA COAT 3 to Cart(file:///home/chaima/eclipse-workspace/SeleniumFrameworkDesign/src/test/java/cucumber/StandAlone.feature:13)
]]>
    </error>
  </testcase> <!-- runScenario -->
</testsuite> <!-- cucumber.TestNGTestRunner -->
