<?xml version="1.0" encoding="UTF-8"?>
<!-- Generated by org.testng.reporters.JUnitXMLReporter -->
<testsuite hostname="chaimaammar-simplon-gmail-com" ignored="0" name="Default test" tests="1" failures="1" timestamp="20 sept. 2022 20:51:00 GMT" time="14.009" errors="0">
  <testcase name="runScenario" time="12.374" classname="io.cucumber.testng.AbstractTestNGCucumberTests">
    <failure type="java.lang.NullPointerException">
      <![CDATA[java.lang.NullPointerException
at rahulshettyacademy.pageobjects.ProductCatalogue.addProductToCart(ProductCatalogue.java:54)
at rahulshettyacademy.stepDefinitions.SteupDefinitionImpl.i_add_product_to_Cart(SteupDefinitionImpl.java:39)
at ✽.I add product ZARA COAT 3 to Cart(file:///home/chaima/eclipse-workspace/SeleniumFrameworkDesign/src/test/java/cucumber/StandAlone.feature:13)
]]>
    </failure>
  </testcase> <!-- runScenario -->
</testsuite> <!-- Default test -->
